\BOOKMARK [1][-]{section.1}{\376\377\000I\000n\000t\000r\000o\000d\000u\000c\000t\000i\000o\000n}{}% 1
\BOOKMARK [2][-]{subsection.1.1}{\376\377\000B\000a\000c\000k\000g\000r\000o\000u\000n\000d}{section.1}% 2
\BOOKMARK [2][-]{subsection.1.2}{\376\377\000P\000r\000o\000b\000l\000e\000m\000\040\000S\000t\000a\000t\000e\000m\000e\000n\000t}{section.1}% 3
\BOOKMARK [2][-]{subsection.1.3}{\376\377\000O\000b\000j\000e\000c\000t\000i\000v\000e\000s}{section.1}% 4
\BOOKMARK [2][-]{subsection.1.4}{\376\377\000T\000a\000r\000g\000e\000t\000\040\000A\000p\000p\000l\000i\000c\000a\000t\000i\000o\000n\000s}{section.1}% 5
\BOOKMARK [1][-]{section.2}{\376\377\000S\000y\000s\000t\000e\000m\000\040\000A\000r\000c\000h\000i\000t\000e\000c\000t\000u\000r\000e}{}% 6
\BOOKMARK [2][-]{subsection.2.1}{\376\377\000H\000i\000g\000h\000-\000L\000e\000v\000e\000l\000\040\000A\000r\000c\000h\000i\000t\000e\000c\000t\000u\000r\000e}{section.2}% 7
\BOOKMARK [2][-]{subsection.2.2}{\376\377\000D\000i\000r\000e\000c\000t\000o\000r\000y\000\040\000S\000t\000r\000u\000c\000t\000u\000r\000e}{section.2}% 8
\BOOKMARK [2][-]{subsection.2.3}{\376\377\000D\000e\000s\000i\000g\000n\000\040\000P\000r\000i\000n\000c\000i\000p\000l\000e\000s}{section.2}% 9
\BOOKMARK [1][-]{section.3}{\376\377\000T\000e\000c\000h\000n\000o\000l\000o\000g\000y\000\040\000S\000t\000a\000c\000k}{}% 10
\BOOKMARK [2][-]{subsection.3.1}{\376\377\000C\000o\000r\000e\000\040\000T\000e\000c\000h\000n\000o\000l\000o\000g\000i\000e\000s}{section.3}% 11
\BOOKMARK [2][-]{subsection.3.2}{\376\377\000F\000r\000o\000n\000t\000e\000n\000d\000\040\000T\000e\000c\000h\000n\000o\000l\000o\000g\000i\000e\000s}{section.3}% 12
\BOOKMARK [2][-]{subsection.3.3}{\376\377\000D\000e\000v\000e\000l\000o\000p\000m\000e\000n\000t\000\040\000T\000o\000o\000l\000s}{section.3}% 13
\BOOKMARK [1][-]{section.4}{\376\377\000C\000o\000r\000e\000\040\000C\000o\000m\000p\000o\000n\000e\000n\000t\000s}{}% 14
\BOOKMARK [2][-]{subsection.4.1}{\376\377\000U\000s\000e\000r\000n\000a\000m\000e\000\040\000C\000l\000e\000a\000n\000e\000r}{section.4}% 15
\BOOKMARK [3][-]{subsubsection.4.1.1}{\376\377\000A\000r\000a\000b\000i\000z\000i\000\040\000C\000o\000n\000v\000e\000r\000s\000i\000o\000n\000\040\000M\000a\000p}{subsection.4.1}% 16
\BOOKMARK [3][-]{subsubsection.4.1.2}{\376\377\000P\000r\000o\000c\000e\000s\000s\000i\000n\000g\000\040\000S\000t\000e\000p\000s}{subsection.4.1}% 17
\BOOKMARK [3][-]{subsubsection.4.1.3}{\376\377\000U\000s\000a\000g\000e\000\040\000E\000x\000a\000m\000p\000l\000e}{subsection.4.1}% 18
\BOOKMARK [2][-]{subsection.4.2}{\376\377\000T\000e\000x\000t\000\040\000C\000l\000e\000a\000n\000e\000r}{section.4}% 19
\BOOKMARK [3][-]{subsubsection.4.2.1}{\376\377\000D\000e\000s\000i\000g\000n\000\040\000P\000h\000i\000l\000o\000s\000o\000p\000h\000y}{subsection.4.2}% 20
\BOOKMARK [3][-]{subsubsection.4.2.2}{\376\377\000E\000x\000t\000r\000a\000c\000t\000i\000o\000n\000\040\000F\000e\000a\000t\000u\000r\000e\000s}{subsection.4.2}% 21
\BOOKMARK [3][-]{subsubsection.4.2.3}{\376\377\000A\000r\000a\000b\000i\000c\000\040\000N\000o\000r\000m\000a\000l\000i\000z\000a\000t\000i\000o\000n}{subsection.4.2}% 22
\BOOKMARK [3][-]{subsubsection.4.2.4}{\376\377\000A\000d\000d\000i\000t\000i\000o\000n\000a\000l\000\040\000P\000r\000o\000c\000e\000s\000s\000i\000n\000g}{subsection.4.2}% 23
\BOOKMARK [3][-]{subsubsection.4.2.5}{\376\377\000U\000s\000a\000g\000e\000\040\000E\000x\000a\000m\000p\000l\000e}{subsection.4.2}% 24
\BOOKMARK [2][-]{subsection.4.3}{\376\377\000L\000a\000n\000g\000u\000a\000g\000e\000\040\000D\000e\000t\000e\000c\000t\000o\000r}{section.4}% 25
\BOOKMARK [3][-]{subsubsection.4.3.1}{\376\377\000D\000e\000t\000e\000c\000t\000i\000o\000n\000\040\000A\000l\000g\000o\000r\000i\000t\000h\000m}{subsection.4.3}% 26
\BOOKMARK [3][-]{subsubsection.4.3.2}{\376\377\000O\000u\000t\000p\000u\000t\000\040\000C\000a\000t\000e\000g\000o\000r\000i\000e\000s}{subsection.4.3}% 27
\BOOKMARK [2][-]{subsection.4.4}{\376\377\000P\000e\000r\000i\000o\000d\000\040\000T\000a\000g\000g\000e\000r}{section.4}% 28
\BOOKMARK [3][-]{subsubsection.4.4.1}{\376\377\000I\000s\000l\000a\000m\000i\000c\000\040\000P\000e\000r\000i\000o\000d\000\040\000D\000e\000f\000i\000n\000i\000t\000i\000o\000n\000s}{subsection.4.4}% 29
\BOOKMARK [3][-]{subsubsection.4.4.2}{\376\377\000I\000m\000p\000l\000e\000m\000e\000n\000t\000a\000t\000i\000o\000n}{subsection.4.4}% 30
\BOOKMARK [2][-]{subsection.4.5}{\376\377\000S\000e\000r\000v\000i\000c\000e\000\040\000C\000l\000a\000s\000s\000i\000f\000i\000e\000r}{section.4}% 31
\BOOKMARK [2][-]{subsection.4.6}{\376\377\000T\000e\000x\000t\000\040\000F\000e\000a\000t\000u\000r\000e\000\040\000E\000x\000t\000r\000a\000c\000t\000o\000r}{section.4}% 32
\BOOKMARK [3][-]{subsubsection.4.6.1}{\376\377\000F\000e\000a\000t\000u\000r\000e\000\040\000C\000a\000t\000e\000g\000o\000r\000i\000e\000s}{subsection.4.6}% 33
\BOOKMARK [3][-]{subsubsection.4.6.2}{\376\377\000U\000s\000a\000g\000e\000\040\000E\000x\000a\000m\000p\000l\000e}{subsection.4.6}% 34
\BOOKMARK [2][-]{subsection.4.7}{\376\377\000S\000e\000n\000t\000i\000m\000e\000n\000t\000\040\000A\000n\000a\000l\000y\000z\000e\000r}{section.4}% 35
\BOOKMARK [3][-]{subsubsection.4.7.1}{\376\377\000M\000o\000d\000e\000l\000\040\000O\000p\000t\000i\000o\000n\000s}{subsection.4.7}% 36
\BOOKMARK [3][-]{subsubsection.4.7.2}{\376\377\000O\000u\000t\000p\000u\000t\000\040\000S\000c\000h\000e\000m\000a}{subsection.4.7}% 37
\BOOKMARK [3][-]{subsubsection.4.7.3}{\376\377\000A\000r\000c\000h\000i\000t\000e\000c\000t\000u\000r\000e}{subsection.4.7}% 38
\BOOKMARK [3][-]{subsubsection.4.7.4}{\376\377\000L\000e\000x\000i\000c\000o\000n\000-\000B\000a\000s\000e\000d\000\040\000F\000a\000l\000l\000b\000a\000c\000k}{subsection.4.7}% 39
\BOOKMARK [3][-]{subsubsection.4.7.5}{\376\377\000U\000s\000a\000g\000e\000\040\000E\000x\000a\000m\000p\000l\000e}{subsection.4.7}% 40
\BOOKMARK [3][-]{subsubsection.4.7.6}{\376\377\000P\000e\000r\000f\000o\000r\000m\000a\000n\000c\000e\000\040\000C\000o\000n\000s\000i\000d\000e\000r\000a\000t\000i\000o\000n\000s}{subsection.4.7}% 41
\BOOKMARK [2][-]{subsection.4.8}{\376\377\000G\000e\000n\000d\000e\000r\000\040\000P\000r\000e\000d\000i\000c\000t\000i\000o\000n\000\040\000\050\000O\000p\000t\000i\000o\000n\000a\000l\000\051}{section.4}% 42
\BOOKMARK [3][-]{subsubsection.4.8.1}{\376\377\000M\000o\000d\000e\000l\000s\000\040\000U\000s\000e\000d}{subsection.4.8}% 43
\BOOKMARK [3][-]{subsubsection.4.8.2}{\376\377\000E\000n\000s\000e\000m\000b\000l\000e\000\040\000D\000e\000c\000i\000s\000i\000o\000n\000\040\000L\000o\000g\000i\000c}{subsection.4.8}% 44
\BOOKMARK [3][-]{subsubsection.4.8.3}{\376\377\000O\000u\000t\000p\000u\000t\000\040\000C\000o\000l\000u\000m\000n\000s}{subsection.4.8}% 45
\BOOKMARK [1][-]{section.5}{\376\377\000D\000a\000t\000a\000\040\000P\000r\000o\000c\000e\000s\000s\000i\000n\000g\000\040\000P\000i\000p\000e\000l\000i\000n\000e}{}% 46
\BOOKMARK [2][-]{subsection.5.1}{\376\377\000P\000i\000p\000e\000l\000i\000n\000e\000\040\000O\000v\000e\000r\000v\000i\000e\000w}{section.5}% 47
\BOOKMARK [2][-]{subsection.5.2}{\376\377\000P\000i\000p\000e\000l\000i\000n\000e\000\040\000S\000t\000e\000p\000s}{section.5}% 48
\BOOKMARK [2][-]{subsection.5.3}{\376\377\000P\000i\000p\000e\000l\000i\000n\000e\000\040\000E\000x\000e\000c\000u\000t\000i\000o\000n\000\040\000F\000l\000o\000w}{section.5}% 49
\BOOKMARK [1][-]{section.6}{\376\377\000W\000e\000b\000\040\000A\000p\000p\000l\000i\000c\000a\000t\000i\000o\000n}{}% 50
\BOOKMARK [2][-]{subsection.6.1}{\376\377\000O\000v\000e\000r\000v\000i\000e\000w}{section.6}% 51
\BOOKMARK [2][-]{subsection.6.2}{\376\377\000U\000s\000e\000r\000\040\000I\000n\000t\000e\000r\000f\000a\000c\000e\000\040\000C\000o\000m\000p\000o\000n\000e\000n\000t\000s}{section.6}% 52
\BOOKMARK [3][-]{subsubsection.6.2.1}{\376\377\000F\000i\000l\000e\000\040\000U\000p\000l\000o\000a\000d\000\040\000S\000e\000c\000t\000i\000o\000n}{subsection.6.2}% 53
\BOOKMARK [3][-]{subsubsection.6.2.2}{\376\377\000P\000i\000p\000e\000l\000i\000n\000e\000\040\000V\000i\000s\000u\000a\000l\000i\000z\000a\000t\000i\000o\000n}{subsection.6.2}% 54
\BOOKMARK [3][-]{subsubsection.6.2.3}{\376\377\000A\000c\000t\000i\000o\000n\000\040\000B\000u\000t\000t\000o\000n\000s}{subsection.6.2}% 55
\BOOKMARK [2][-]{subsection.6.3}{\376\377\000S\000e\000s\000s\000i\000o\000n\000\040\000M\000a\000n\000a\000g\000e\000m\000e\000n\000t}{section.6}% 56
\BOOKMARK [1][-]{section.7}{\376\377\000A\000P\000I\000\040\000R\000e\000f\000e\000r\000e\000n\000c\000e}{}% 57
\BOOKMARK [2][-]{subsection.7.1}{\376\377\000R\000E\000S\000T\000\040\000E\000n\000d\000p\000o\000i\000n\000t\000s}{section.7}% 58
\BOOKMARK [2][-]{subsection.7.2}{\376\377\000R\000e\000s\000p\000o\000n\000s\000e\000\040\000F\000o\000r\000m\000a\000t\000s}{section.7}% 59
\BOOKMARK [3][-]{subsubsection.7.2.1}{\376\377\000U\000p\000l\000o\000a\000d\000\040\000R\000e\000s\000p\000o\000n\000s\000e}{subsection.7.2}% 60
\BOOKMARK [3][-]{subsubsection.7.2.2}{\376\377\000P\000r\000e\000v\000i\000e\000w\000\040\000R\000e\000s\000p\000o\000n\000s\000e}{subsection.7.2}% 61
\BOOKMARK [2][-]{subsection.7.3}{\376\377\000C\000L\000I\000\040\000I\000n\000t\000e\000r\000f\000a\000c\000e}{section.7}% 62
\BOOKMARK [1][-]{section.8}{\376\377\000D\000a\000t\000a\000\040\000S\000c\000h\000e\000m\000a}{}% 63
\BOOKMARK [2][-]{subsection.8.1}{\376\377\000I\000n\000p\000u\000t\000\040\000R\000e\000q\000u\000i\000r\000e\000m\000e\000n\000t\000s}{section.8}% 64
\BOOKMARK [2][-]{subsection.8.2}{\376\377\000O\000u\000t\000p\000u\000t\000\040\000S\000c\000h\000e\000m\000a}{section.8}% 65
\BOOKMARK [1][-]{section.9}{\376\377\000I\000n\000s\000t\000a\000l\000l\000a\000t\000i\000o\000n\000\040\000a\000n\000d\000\040\000D\000e\000p\000l\000o\000y\000m\000e\000n\000t}{}% 66
\BOOKMARK [2][-]{subsection.9.1}{\376\377\000R\000e\000q\000u\000i\000r\000e\000m\000e\000n\000t\000s}{section.9}% 67
\BOOKMARK [2][-]{subsection.9.2}{\376\377\000I\000n\000s\000t\000a\000l\000l\000a\000t\000i\000o\000n\000\040\000S\000t\000e\000p\000s}{section.9}% 68
\BOOKMARK [2][-]{subsection.9.3}{\376\377\000R\000u\000n\000n\000i\000n\000g\000\040\000t\000h\000e\000\040\000A\000p\000p\000l\000i\000c\000a\000t\000i\000o\000n}{section.9}% 69
\BOOKMARK [3][-]{subsubsection.9.3.1}{\376\377\000W\000e\000b\000\040\000I\000n\000t\000e\000r\000f\000a\000c\000e}{subsection.9.3}% 70
\BOOKMARK [3][-]{subsubsection.9.3.2}{\376\377\000C\000o\000m\000m\000a\000n\000d\000\040\000L\000i\000n\000e}{subsection.9.3}% 71
\BOOKMARK [3][-]{subsubsection.9.3.3}{\376\377\000P\000y\000t\000h\000o\000n\000\040\000A\000P\000I}{subsection.9.3}% 72
\BOOKMARK [2][-]{subsection.9.4}{\376\377\000C\000o\000n\000f\000i\000g\000u\000r\000a\000t\000i\000o\000n}{section.9}% 73
\BOOKMARK [1][-]{section.10}{\376\377\000P\000e\000r\000f\000o\000r\000m\000a\000n\000c\000e\000\040\000C\000o\000n\000s\000i\000d\000e\000r\000a\000t\000i\000o\000n\000s}{}% 74
\BOOKMARK [2][-]{subsection.10.1}{\376\377\000P\000r\000o\000c\000e\000s\000s\000i\000n\000g\000\040\000T\000i\000m\000e\000s}{section.10}% 75
\BOOKMARK [2][-]{subsection.10.2}{\376\377\000M\000e\000m\000o\000r\000y\000\040\000U\000s\000a\000g\000e}{section.10}% 76
\BOOKMARK [2][-]{subsection.10.3}{\376\377\000O\000p\000t\000i\000m\000i\000z\000a\000t\000i\000o\000n\000\040\000R\000e\000c\000o\000m\000m\000e\000n\000d\000a\000t\000i\000o\000n\000s}{section.10}% 77
\BOOKMARK [1][-]{section.11}{\376\377\000F\000u\000t\000u\000r\000e\000\040\000E\000n\000h\000a\000n\000c\000e\000m\000e\000n\000t\000s}{}% 78
\BOOKMARK [2][-]{subsection.11.1}{\376\377\000I\000m\000p\000l\000e\000m\000e\000n\000t\000e\000d\000\040\000F\000e\000a\000t\000u\000r\000e\000s\000\040\000\050\000v\0000\000.\0002\000.\0000\000\051}{section.11}% 79
\BOOKMARK [2][-]{subsection.11.2}{\376\377\000P\000l\000a\000n\000n\000e\000d\000\040\000F\000e\000a\000t\000u\000r\000e\000s}{section.11}% 80
\BOOKMARK [2][-]{subsection.11.3}{\376\377\000T\000e\000c\000h\000n\000i\000c\000a\000l\000\040\000I\000m\000p\000r\000o\000v\000e\000m\000e\000n\000t\000s}{section.11}% 81
\BOOKMARK [1][-]{appendix.A}{\376\377\000A\000r\000a\000b\000i\000z\000i\000\040\000C\000h\000a\000r\000a\000c\000t\000e\000r\000\040\000M\000a\000p\000p\000i\000n\000g}{}% 82
\BOOKMARK [1][-]{appendix.B}{\376\377\000I\000s\000l\000a\000m\000i\000c\000\040\000C\000a\000l\000e\000n\000d\000a\000r\000\040\000R\000e\000f\000e\000r\000e\000n\000c\000e}{}% 83
